Compiling the C compiler identification source file "CMakeCCompilerId.c" failed.
Compiler: /usr/bin/clang-6.0 
Build flags: 
Id flags:  

The output was:
1
/usr/bin/ld: final link failed: Operation not supported
clang: error: linker command failed with exit code 1 (use -v to see invocation)


Compiling the CXX compiler identification source file "CMakeCXXCompilerId.cpp" failed.
Compiler: /usr/bin/clang++-6.0 
Build flags: 
Id flags:  

The output was:
1
/usr/bin/ld: final link failed: Operation not supported
clang: error: linker command failed with exit code 1 (use -v to see invocation)


Determining if the C compiler works failed with the following output:
Change Dir: /run/user/1000/gvfs/sftp:host=10.0.0.187,user=ku-t2/home/ku-t2/catkin_ws_HEAR/src/HEAR_Navio2_MC/build/CMakeFiles/CMakeTmp

Run Build Command:"/usr/bin/make" "cmTC_0b8fb/fast"
/usr/bin/make -f CMakeFiles/cmTC_0b8fb.dir/build.make CMakeFiles/cmTC_0b8fb.dir/build
make[1]: Entering directory '/run/user/1000/gvfs/sftp:host=10.0.0.187,user=ku-t2/home/ku-t2/catkin_ws_HEAR/src/HEAR_Navio2_MC/build/CMakeFiles/CMakeTmp'
Building C object CMakeFiles/cmTC_0b8fb.dir/testCCompiler.c.o
/usr/bin/clang-6.0    -o CMakeFiles/cmTC_0b8fb.dir/testCCompiler.c.o   -c /run/user/1000/gvfs/sftp:host=10.0.0.187,user=ku-t2/home/ku-t2/catkin_ws_HEAR/src/HEAR_Navio2_MC/build/CMakeFiles/CMakeTmp/testCCompiler.c
Linking C executable cmTC_0b8fb
/usr/bin/cmake -E cmake_link_script CMakeFiles/cmTC_0b8fb.dir/link.txt --verbose=1
/usr/bin/clang-6.0      -rdynamic CMakeFiles/cmTC_0b8fb.dir/testCCompiler.c.o  -o cmTC_0b8fb 
/usr/bin/ld: final link failed: Operation not supported
clang: error: linker command failed with exit code 1 (use -v to see invocation)
CMakeFiles/cmTC_0b8fb.dir/build.make:97: recipe for target 'cmTC_0b8fb' failed
make[1]: *** [cmTC_0b8fb] Error 1
make[1]: Leaving directory '/run/user/1000/gvfs/sftp:host=10.0.0.187,user=ku-t2/home/ku-t2/catkin_ws_HEAR/src/HEAR_Navio2_MC/build/CMakeFiles/CMakeTmp'
Makefile:126: recipe for target 'cmTC_0b8fb/fast' failed
make: *** [cmTC_0b8fb/fast] Error 2


Compiling the C compiler identification source file "CMakeCCompilerId.c" failed.
Compiler: /usr/bin/clang-6.0 
Build flags: 
Id flags:  

The output was:
1
/usr/bin/ld: final link failed: Operation not supported
clang: error: linker command failed with exit code 1 (use -v to see invocation)


Compiling the CXX compiler identification source file "CMakeCXXCompilerId.cpp" failed.
Compiler: /usr/bin/clang++-6.0 
Build flags: 
Id flags:  

The output was:
1
/usr/bin/ld: final link failed: Operation not supported
clang: error: linker command failed with exit code 1 (use -v to see invocation)


Determining if the C compiler works failed with the following output:
Change Dir: /run/user/1000/gvfs/sftp:host=10.0.0.187,user=ku-t2/home/ku-t2/catkin_ws_HEAR/src/HEAR_Navio2_MC/build/CMakeFiles/CMakeTmp

Run Build Command:"/usr/bin/make" "cmTC_82ac0/fast"
/usr/bin/make -f CMakeFiles/cmTC_82ac0.dir/build.make CMakeFiles/cmTC_82ac0.dir/build
make[1]: Entering directory '/run/user/1000/gvfs/sftp:host=10.0.0.187,user=ku-t2/home/ku-t2/catkin_ws_HEAR/src/HEAR_Navio2_MC/build/CMakeFiles/CMakeTmp'
Building C object CMakeFiles/cmTC_82ac0.dir/testCCompiler.c.o
/usr/bin/clang-6.0    -o CMakeFiles/cmTC_82ac0.dir/testCCompiler.c.o   -c /run/user/1000/gvfs/sftp:host=10.0.0.187,user=ku-t2/home/ku-t2/catkin_ws_HEAR/src/HEAR_Navio2_MC/build/CMakeFiles/CMakeTmp/testCCompiler.c
Linking C executable cmTC_82ac0
/usr/bin/cmake -E cmake_link_script CMakeFiles/cmTC_82ac0.dir/link.txt --verbose=1
/usr/bin/clang-6.0      -rdynamic CMakeFiles/cmTC_82ac0.dir/testCCompiler.c.o  -o cmTC_82ac0 
/usr/bin/ld: final link failed: Operation not supported
clang: error: linker command failed with exit code 1 (use -v to see invocation)
CMakeFiles/cmTC_82ac0.dir/build.make:97: recipe for target 'cmTC_82ac0' failed
make[1]: *** [cmTC_82ac0] Error 1
make[1]: Leaving directory '/run/user/1000/gvfs/sftp:host=10.0.0.187,user=ku-t2/home/ku-t2/catkin_ws_HEAR/src/HEAR_Navio2_MC/build/CMakeFiles/CMakeTmp'
Makefile:126: recipe for target 'cmTC_82ac0/fast' failed
make: *** [cmTC_82ac0/fast] Error 2


Compiling the C compiler identification source file "CMakeCCompilerId.c" failed.
Compiler: /usr/bin/clang-6.0 
Build flags: 
Id flags:  

The output was:
1
/usr/bin/ld: final link failed: Operation not supported
clang: error: linker command failed with exit code 1 (use -v to see invocation)


Compiling the CXX compiler identification source file "CMakeCXXCompilerId.cpp" failed.
Compiler: /usr/bin/clang++-6.0 
Build flags: 
Id flags:  

The output was:
1
/usr/bin/ld: final link failed: Operation not supported
clang: error: linker command failed with exit code 1 (use -v to see invocation)


Determining if the C compiler works failed with the following output:
Change Dir: /run/user/1000/gvfs/sftp:host=10.0.0.187,user=ku-t2/home/ku-t2/catkin_ws_HEAR/src/HEAR_Navio2_MC/build/CMakeFiles/CMakeTmp

Run Build Command:"/usr/bin/make" "cmTC_a67b2/fast"
/usr/bin/make -f CMakeFiles/cmTC_a67b2.dir/build.make CMakeFiles/cmTC_a67b2.dir/build
make[1]: Entering directory '/run/user/1000/gvfs/sftp:host=10.0.0.187,user=ku-t2/home/ku-t2/catkin_ws_HEAR/src/HEAR_Navio2_MC/build/CMakeFiles/CMakeTmp'
Building C object CMakeFiles/cmTC_a67b2.dir/testCCompiler.c.o
/usr/bin/clang-6.0    -o CMakeFiles/cmTC_a67b2.dir/testCCompiler.c.o   -c /run/user/1000/gvfs/sftp:host=10.0.0.187,user=ku-t2/home/ku-t2/catkin_ws_HEAR/src/HEAR_Navio2_MC/build/CMakeFiles/CMakeTmp/testCCompiler.c
Linking C executable cmTC_a67b2
/usr/bin/cmake -E cmake_link_script CMakeFiles/cmTC_a67b2.dir/link.txt --verbose=1
/usr/bin/clang-6.0      -rdynamic CMakeFiles/cmTC_a67b2.dir/testCCompiler.c.o  -o cmTC_a67b2 
/usr/bin/ld: final link failed: Operation not supported
clang: error: linker command failed with exit code 1 (use -v to see invocation)
CMakeFiles/cmTC_a67b2.dir/build.make:97: recipe for target 'cmTC_a67b2' failed
make[1]: *** [cmTC_a67b2] Error 1
make[1]: Leaving directory '/run/user/1000/gvfs/sftp:host=10.0.0.187,user=ku-t2/home/ku-t2/catkin_ws_HEAR/src/HEAR_Navio2_MC/build/CMakeFiles/CMakeTmp'
Makefile:126: recipe for target 'cmTC_a67b2/fast' failed
make: *** [cmTC_a67b2/fast] Error 2


Compiling the C compiler identification source file "CMakeCCompilerId.c" failed.
Compiler: /usr/bin/clang-6.0 
Build flags: 
Id flags:  

The output was:
1
/usr/bin/ld: final link failed: Operation not supported
clang: error: linker command failed with exit code 1 (use -v to see invocation)


Compiling the CXX compiler identification source file "CMakeCXXCompilerId.cpp" failed.
Compiler: /usr/bin/clang++-6.0 
Build flags: 
Id flags:  

The output was:
1
/usr/bin/ld: final link failed: Operation not supported
clang: error: linker command failed with exit code 1 (use -v to see invocation)


Determining if the C compiler works failed with the following output:
Change Dir: /run/user/1000/gvfs/sftp:host=10.0.0.187,user=ku-t2/home/ku-t2/catkin_ws_HEAR/src/HEAR_Navio2_MC/build/CMakeFiles/CMakeTmp

Run Build Command:"/usr/bin/make" "cmTC_635a3/fast"
/usr/bin/make -f CMakeFiles/cmTC_635a3.dir/build.make CMakeFiles/cmTC_635a3.dir/build
make[1]: Entering directory '/run/user/1000/gvfs/sftp:host=10.0.0.187,user=ku-t2/home/ku-t2/catkin_ws_HEAR/src/HEAR_Navio2_MC/build/CMakeFiles/CMakeTmp'
Building C object CMakeFiles/cmTC_635a3.dir/testCCompiler.c.o
/usr/bin/clang-6.0    -o CMakeFiles/cmTC_635a3.dir/testCCompiler.c.o   -c /run/user/1000/gvfs/sftp:host=10.0.0.187,user=ku-t2/home/ku-t2/catkin_ws_HEAR/src/HEAR_Navio2_MC/build/CMakeFiles/CMakeTmp/testCCompiler.c
Linking C executable cmTC_635a3
/usr/bin/cmake -E cmake_link_script CMakeFiles/cmTC_635a3.dir/link.txt --verbose=1
/usr/bin/clang-6.0      -rdynamic CMakeFiles/cmTC_635a3.dir/testCCompiler.c.o  -o cmTC_635a3 
/usr/bin/ld: final link failed: Operation not supported
clang: error: linker command failed with exit code 1 (use -v to see invocation)
CMakeFiles/cmTC_635a3.dir/build.make:97: recipe for target 'cmTC_635a3' failed
make[1]: *** [cmTC_635a3] Error 1
make[1]: Leaving directory '/run/user/1000/gvfs/sftp:host=10.0.0.187,user=ku-t2/home/ku-t2/catkin_ws_HEAR/src/HEAR_Navio2_MC/build/CMakeFiles/CMakeTmp'
Makefile:126: recipe for target 'cmTC_635a3/fast' failed
make: *** [cmTC_635a3/fast] Error 2


Compiling the C compiler identification source file "CMakeCCompilerId.c" failed.
Compiler: /usr/bin/clang-6.0 
Build flags: 
Id flags:  

The output was:
1
/usr/bin/ld: final link failed: Operation not supported
clang: error: linker command failed with exit code 1 (use -v to see invocation)


Compiling the CXX compiler identification source file "CMakeCXXCompilerId.cpp" failed.
Compiler: /usr/bin/clang++-6.0 
Build flags: 
Id flags:  

The output was:
1
/usr/bin/ld: final link failed: Operation not supported
clang: error: linker command failed with exit code 1 (use -v to see invocation)


Determining if the C compiler works failed with the following output:
Change Dir: /run/user/1000/gvfs/sftp:host=10.0.0.187,user=ku-t2/home/ku-t2/catkin_ws_HEAR/src/HEAR_Navio2_MC/build/CMakeFiles/CMakeTmp

Run Build Command:"/usr/bin/make" "cmTC_11ec0/fast"
/usr/bin/make -f CMakeFiles/cmTC_11ec0.dir/build.make CMakeFiles/cmTC_11ec0.dir/build
make[1]: Entering directory '/run/user/1000/gvfs/sftp:host=10.0.0.187,user=ku-t2/home/ku-t2/catkin_ws_HEAR/src/HEAR_Navio2_MC/build/CMakeFiles/CMakeTmp'
Building C object CMakeFiles/cmTC_11ec0.dir/testCCompiler.c.o
/usr/bin/clang-6.0    -o CMakeFiles/cmTC_11ec0.dir/testCCompiler.c.o   -c /run/user/1000/gvfs/sftp:host=10.0.0.187,user=ku-t2/home/ku-t2/catkin_ws_HEAR/src/HEAR_Navio2_MC/build/CMakeFiles/CMakeTmp/testCCompiler.c
Linking C executable cmTC_11ec0
/usr/bin/cmake -E cmake_link_script CMakeFiles/cmTC_11ec0.dir/link.txt --verbose=1
/usr/bin/clang-6.0      -rdynamic CMakeFiles/cmTC_11ec0.dir/testCCompiler.c.o  -o cmTC_11ec0 
/usr/bin/ld: final link failed: Operation not supported
clang: error: linker command failed with exit code 1 (use -v to see invocation)
CMakeFiles/cmTC_11ec0.dir/build.make:97: recipe for target 'cmTC_11ec0' failed
make[1]: *** [cmTC_11ec0] Error 1
make[1]: Leaving directory '/run/user/1000/gvfs/sftp:host=10.0.0.187,user=ku-t2/home/ku-t2/catkin_ws_HEAR/src/HEAR_Navio2_MC/build/CMakeFiles/CMakeTmp'
Makefile:126: recipe for target 'cmTC_11ec0/fast' failed
make: *** [cmTC_11ec0/fast] Error 2


Compiling the C compiler identification source file "CMakeCCompilerId.c" failed.
Compiler: /usr/bin/clang-6.0 
Build flags: 
Id flags:  

The output was:
1
/usr/bin/ld: final link failed: Operation not supported
clang: error: linker command failed with exit code 1 (use -v to see invocation)


Compiling the CXX compiler identification source file "CMakeCXXCompilerId.cpp" failed.
Compiler: /usr/bin/clang++-6.0 
Build flags: 
Id flags:  

The output was:
1
/usr/bin/ld: final link failed: Operation not supported
clang: error: linker command failed with exit code 1 (use -v to see invocation)


Determining if the C compiler works failed with the following output:
Change Dir: /run/user/1000/gvfs/sftp:host=10.0.0.187,user=ku-t2/home/ku-t2/catkin_ws_HEAR/src/HEAR_Navio2_MC/build/CMakeFiles/CMakeTmp

Run Build Command:"/usr/bin/make" "cmTC_ec930/fast"
/usr/bin/make -f CMakeFiles/cmTC_ec930.dir/build.make CMakeFiles/cmTC_ec930.dir/build
make[1]: Entering directory '/run/user/1000/gvfs/sftp:host=10.0.0.187,user=ku-t2/home/ku-t2/catkin_ws_HEAR/src/HEAR_Navio2_MC/build/CMakeFiles/CMakeTmp'
Building C object CMakeFiles/cmTC_ec930.dir/testCCompiler.c.o
/usr/bin/clang-6.0    -o CMakeFiles/cmTC_ec930.dir/testCCompiler.c.o   -c /run/user/1000/gvfs/sftp:host=10.0.0.187,user=ku-t2/home/ku-t2/catkin_ws_HEAR/src/HEAR_Navio2_MC/build/CMakeFiles/CMakeTmp/testCCompiler.c
Linking C executable cmTC_ec930
/usr/bin/cmake -E cmake_link_script CMakeFiles/cmTC_ec930.dir/link.txt --verbose=1
/usr/bin/clang-6.0      -rdynamic CMakeFiles/cmTC_ec930.dir/testCCompiler.c.o  -o cmTC_ec930 
/usr/bin/ld: final link failed: Operation not supported
clang: error: linker command failed with exit code 1 (use -v to see invocation)
CMakeFiles/cmTC_ec930.dir/build.make:97: recipe for target 'cmTC_ec930' failed
make[1]: *** [cmTC_ec930] Error 1
make[1]: Leaving directory '/run/user/1000/gvfs/sftp:host=10.0.0.187,user=ku-t2/home/ku-t2/catkin_ws_HEAR/src/HEAR_Navio2_MC/build/CMakeFiles/CMakeTmp'
Makefile:126: recipe for target 'cmTC_ec930/fast' failed
make: *** [cmTC_ec930/fast] Error 2


Compiling the C compiler identification source file "CMakeCCompilerId.c" failed.
Compiler: /usr/bin/clang-6.0 
Build flags: 
Id flags:  

The output was:
1
/usr/bin/ld: final link failed: Operation not supported
clang: error: linker command failed with exit code 1 (use -v to see invocation)


Compiling the CXX compiler identification source file "CMakeCXXCompilerId.cpp" failed.
Compiler: /usr/bin/clang++-6.0 
Build flags: 
Id flags:  

The output was:
1
/usr/bin/ld: final link failed: Operation not supported
clang: error: linker command failed with exit code 1 (use -v to see invocation)


Determining if the C compiler works failed with the following output:
Change Dir: /run/user/1000/gvfs/sftp:host=10.0.0.187,user=ku-t2/home/ku-t2/catkin_ws_HEAR/src/HEAR_Navio2_MC/build/CMakeFiles/CMakeTmp

Run Build Command:"/usr/bin/make" "cmTC_914bc/fast"
/usr/bin/make -f CMakeFiles/cmTC_914bc.dir/build.make CMakeFiles/cmTC_914bc.dir/build
make[1]: Entering directory '/run/user/1000/gvfs/sftp:host=10.0.0.187,user=ku-t2/home/ku-t2/catkin_ws_HEAR/src/HEAR_Navio2_MC/build/CMakeFiles/CMakeTmp'
Building C object CMakeFiles/cmTC_914bc.dir/testCCompiler.c.o
/usr/bin/clang-6.0    -o CMakeFiles/cmTC_914bc.dir/testCCompiler.c.o   -c /run/user/1000/gvfs/sftp:host=10.0.0.187,user=ku-t2/home/ku-t2/catkin_ws_HEAR/src/HEAR_Navio2_MC/build/CMakeFiles/CMakeTmp/testCCompiler.c
Linking C executable cmTC_914bc
/usr/bin/cmake -E cmake_link_script CMakeFiles/cmTC_914bc.dir/link.txt --verbose=1
/usr/bin/clang-6.0      -rdynamic CMakeFiles/cmTC_914bc.dir/testCCompiler.c.o  -o cmTC_914bc 
/usr/bin/ld: final link failed: Operation not supported
clang: error: linker command failed with exit code 1 (use -v to see invocation)
CMakeFiles/cmTC_914bc.dir/build.make:97: recipe for target 'cmTC_914bc' failed
make[1]: *** [cmTC_914bc] Error 1
make[1]: Leaving directory '/run/user/1000/gvfs/sftp:host=10.0.0.187,user=ku-t2/home/ku-t2/catkin_ws_HEAR/src/HEAR_Navio2_MC/build/CMakeFiles/CMakeTmp'
Makefile:126: recipe for target 'cmTC_914bc/fast' failed
make: *** [cmTC_914bc/fast] Error 2


Compiling the C compiler identification source file "CMakeCCompilerId.c" failed.
Compiler: /usr/bin/clang-6.0 
Build flags: 
Id flags:  

The output was:
1
/usr/bin/ld: final link failed: Operation not supported
clang: error: linker command failed with exit code 1 (use -v to see invocation)


Compiling the CXX compiler identification source file "CMakeCXXCompilerId.cpp" failed.
Compiler: /usr/bin/clang++-6.0 
Build flags: 
Id flags:  

The output was:
1
/usr/bin/ld: final link failed: Operation not supported
clang: error: linker command failed with exit code 1 (use -v to see invocation)


Determining if the include file pthread.h exists failed with the following output:
Change Dir: /run/user/1000/gvfs/sftp:host=10.0.0.187,user=ku-t2/home/ku-t2/catkin_ws_HEAR/src/HEAR_Navio2_MC/build/CMakeFiles/CMakeTmp

Run Build Command:"/usr/bin/make" "cmTC_7b411/fast"
/usr/bin/make -f CMakeFiles/cmTC_7b411.dir/build.make CMakeFiles/cmTC_7b411.dir/build
make[1]: Entering directory '/run/user/1000/gvfs/sftp:host=10.0.0.187,user=ku-t2/home/ku-t2/catkin_ws_HEAR/src/HEAR_Navio2_MC/build/CMakeFiles/CMakeTmp'
Building C object CMakeFiles/cmTC_7b411.dir/CheckIncludeFile.c.o
/usr/bin/clang-6.0    -o CMakeFiles/cmTC_7b411.dir/CheckIncludeFile.c.o   -c /run/user/1000/gvfs/sftp:host=10.0.0.187,user=ku-t2/home/ku-t2/catkin_ws_HEAR/src/HEAR_Navio2_MC/build/CMakeFiles/CMakeTmp/CheckIncludeFile.c
Linking C executable cmTC_7b411
/usr/bin/cmake -E cmake_link_script CMakeFiles/cmTC_7b411.dir/link.txt --verbose=1
/usr/bin/clang-6.0      -rdynamic CMakeFiles/cmTC_7b411.dir/CheckIncludeFile.c.o  -o cmTC_7b411 
/usr/bin/ld: final link failed: Operation not supported
clang: error: linker command failed with exit code 1 (use -v to see invocation)
CMakeFiles/cmTC_7b411.dir/build.make:97: recipe for target 'cmTC_7b411' failed
make[1]: *** [cmTC_7b411] Error 1
make[1]: Leaving directory '/run/user/1000/gvfs/sftp:host=10.0.0.187,user=ku-t2/home/ku-t2/catkin_ws_HEAR/src/HEAR_Navio2_MC/build/CMakeFiles/CMakeTmp'
Makefile:126: recipe for target 'cmTC_7b411/fast' failed
make: *** [cmTC_7b411/fast] Error 2


Determining if the include file pthread.h exists failed with the following output:
Change Dir: /run/user/1000/gvfs/sftp:host=10.0.0.187,user=ku-t2/home/ku-t2/catkin_ws_HEAR/src/HEAR_Navio2_MC/build/CMakeFiles/CMakeTmp

Run Build Command:"/usr/bin/make" "cmTC_61ed7/fast"
/usr/bin/make -f CMakeFiles/cmTC_61ed7.dir/build.make CMakeFiles/cmTC_61ed7.dir/build
make[1]: Entering directory '/run/user/1000/gvfs/sftp:host=10.0.0.187,user=ku-t2/home/ku-t2/catkin_ws_HEAR/src/HEAR_Navio2_MC/build/CMakeFiles/CMakeTmp'
Building C object CMakeFiles/cmTC_61ed7.dir/CheckIncludeFile.c.o
/usr/bin/clang-6.0    -o CMakeFiles/cmTC_61ed7.dir/CheckIncludeFile.c.o   -c /run/user/1000/gvfs/sftp:host=10.0.0.187,user=ku-t2/home/ku-t2/catkin_ws_HEAR/src/HEAR_Navio2_MC/build/CMakeFiles/CMakeTmp/CheckIncludeFile.c
Linking C executable cmTC_61ed7
/usr/bin/cmake -E cmake_link_script CMakeFiles/cmTC_61ed7.dir/link.txt --verbose=1
/usr/bin/clang-6.0      -rdynamic CMakeFiles/cmTC_61ed7.dir/CheckIncludeFile.c.o  -o cmTC_61ed7 
/usr/bin/ld: final link failed: Operation not supported
clang: error: linker command failed with exit code 1 (use -v to see invocation)
CMakeFiles/cmTC_61ed7.dir/build.make:97: recipe for target 'cmTC_61ed7' failed
make[1]: *** [cmTC_61ed7] Error 1
make[1]: Leaving directory '/run/user/1000/gvfs/sftp:host=10.0.0.187,user=ku-t2/home/ku-t2/catkin_ws_HEAR/src/HEAR_Navio2_MC/build/CMakeFiles/CMakeTmp'
Makefile:126: recipe for target 'cmTC_61ed7/fast' failed
make: *** [cmTC_61ed7/fast] Error 2


